<?xml version="1.0" encoding="UTF-8"?>
<!-- Generated by org.testng.reporters.JUnitReportReporter -->
<testsuite hostname="DESKTOP-4HN56NV" failures="0" tests="1" name="com.example.testng.Update" time="17.110" errors="0" timestamp="2022-10-13T11:33:07 IST" skipped="0">
  <testcase classname="com.example.testng.Update" name="update" time="17.110"/>
  <system-out/>
</testsuite> <!-- com.example.testng.Update -->
